  [1m[35m (367.7ms)[0m  [1m[35mCREATE DATABASE "rocket_finder_development" ENCODING = 'unicode'[0m
  ↳ /usr/share/rubygems-integration/all/gems/rake-13.0.1/lib/rake/task.rb:281
  [1m[35m (364.1ms)[0m  [1m[35mCREATE DATABASE "rocket_finder_test" ENCODING = 'unicode'[0m
  ↳ /usr/share/rubygems-integration/all/gems/rake-13.0.1/lib/rake/task.rb:281
  [1m[35m (20.7ms)[0m  [1m[35mCREATE TABLE "schema_migrations" ("version" character varying NOT NULL PRIMARY KEY)[0m
  ↳ /usr/share/rubygems-integration/all/gems/rake-13.0.1/lib/rake/task.rb:281
  [1m[35m (9.4ms)[0m  [1m[35mCREATE TABLE "ar_internal_metadata" ("key" character varying NOT NULL PRIMARY KEY, "value" character varying, "created_at" timestamp NOT NULL, "updated_at" timestamp NOT NULL)[0m
  ↳ /usr/share/rubygems-integration/all/gems/rake-13.0.1/lib/rake/task.rb:281
  [1m[35m (0.2ms)[0m  [1m[34mSELECT pg_try_advisory_lock(7079674545010128705)[0m
  ↳ /usr/share/rubygems-integration/all/gems/rake-13.0.1/lib/rake/task.rb:281
  [1m[35m (7.0ms)[0m  [1m[34mSELECT "schema_migrations"."version" FROM "schema_migrations" ORDER BY "schema_migrations"."version" ASC[0m
  ↳ /usr/share/rubygems-integration/all/gems/rake-13.0.1/lib/rake/task.rb:281
Migrating to CreateUsers (20201025001043)
  [1m[35m (0.1ms)[0m  [1m[35mBEGIN[0m
  ↳ /usr/share/rubygems-integration/all/gems/rake-13.0.1/lib/rake/task.rb:281
  [1m[35m (13.7ms)[0m  [1m[35mCREATE TABLE "users" ("id" bigserial primary key, "email" character varying, "phone_number" character varying, "sign_in_count" integer, "created_at" timestamp NOT NULL, "updated_at" timestamp NOT NULL)[0m
  ↳ db/migrate/20201025001043_create_users.rb:3
  [1m[36mActiveRecord::SchemaMigration Create (9.8ms)[0m  [1m[32mINSERT INTO "schema_migrations" ("version") VALUES ($1) RETURNING "version"[0m  [["version", "20201025001043"]]
  ↳ /usr/share/rubygems-integration/all/gems/rake-13.0.1/lib/rake/task.rb:281
  [1m[35m (1.4ms)[0m  [1m[35mCOMMIT[0m
  ↳ /usr/share/rubygems-integration/all/gems/rake-13.0.1/lib/rake/task.rb:281
  [1m[36mActiveRecord::InternalMetadata Load (0.3ms)[0m  [1m[34mSELECT  "ar_internal_metadata".* FROM "ar_internal_metadata" WHERE "ar_internal_metadata"."key" = $1 LIMIT $2[0m  [["key", "environment"], ["LIMIT", 1]]
  ↳ /usr/share/rubygems-integration/all/gems/rake-13.0.1/lib/rake/task.rb:281
  [1m[35m (0.1ms)[0m  [1m[35mBEGIN[0m
  ↳ /usr/share/rubygems-integration/all/gems/rake-13.0.1/lib/rake/task.rb:281
  [1m[36mActiveRecord::InternalMetadata Create (0.4ms)[0m  [1m[32mINSERT INTO "ar_internal_metadata" ("key", "value", "created_at", "updated_at") VALUES ($1, $2, $3, $4) RETURNING "key"[0m  [["key", "environment"], ["value", "development"], ["created_at", "2020-10-25 00:15:10.771440"], ["updated_at", "2020-10-25 00:15:10.771440"]]
  ↳ /usr/share/rubygems-integration/all/gems/rake-13.0.1/lib/rake/task.rb:281
  [1m[35m (1.5ms)[0m  [1m[35mCOMMIT[0m
  ↳ /usr/share/rubygems-integration/all/gems/rake-13.0.1/lib/rake/task.rb:281
  [1m[35m (0.2ms)[0m  [1m[34mSELECT pg_advisory_unlock(7079674545010128705)[0m
  ↳ /usr/share/rubygems-integration/all/gems/rake-13.0.1/lib/rake/task.rb:281
  [1m[35m (0.2ms)[0m  [1m[34mSELECT "schema_migrations"."version" FROM "schema_migrations" ORDER BY "schema_migrations"."version" ASC[0m
  ↳ /usr/share/rubygems-integration/all/gems/rake-13.0.1/lib/rake/task.rb:281
  [1m[35m (0.1ms)[0m  [1m[35mBEGIN[0m
  [1m[36mUser Create (0.9ms)[0m  [1m[32mINSERT INTO "users" ("email", "phone_number", "sign_in_count", "created_at", "updated_at") VALUES ($1, $2, $3, $4, $5) RETURNING "id"[0m  [["email", "john@gmail.com"], ["phone_number", "703-777-0000"], ["sign_in_count", 0], ["created_at", "2020-10-25 00:21:28.804253"], ["updated_at", "2020-10-25 00:21:28.804253"]]
  [1m[35m (1.4ms)[0m  [1m[35mCOMMIT[0m
